Mon, 29 Nov 2021 12:49:02 GMT | STARTUP | Startup configuration done!
Mon, 29 Nov 2021 12:49:02 GMT | STARTUP | Arguments: {"_":["generate"],"url":"https://crustybread.tech/","width":400}
Mon, 29 Nov 2021 12:49:02 GMT | STARTUP | Invoking module 'generate'...
Mon, 29 Nov 2021 12:49:02 GMT | BROWSER | Opening browser...
Mon, 29 Nov 2021 12:49:02 GMT | BROWSER | Configuration object: {}
Mon, 29 Nov 2021 12:49:02 GMT | BROWSER | Configuring browser...
Mon, 29 Nov 2021 12:49:03 GMT | BROWSER | Exposing "logger" function to page...
Mon, 29 Nov 2021 12:49:03 GMT | BROWSER | Loading page https://crustybread.tech/...
Mon, 29 Nov 2021 12:49:03 GMT | BROWSER | Configuration object: {"waitUntil":"networkidle2"}
Mon, 29 Nov 2021 12:49:05 GMT | PLUGINS_BEFORE | Reading BEFORE plugins directory...
Mon, 29 Nov 2021 12:49:05 GMT | PLUGINS_BEFORE | chooseResponsiveImagesResolution | Trying to load plugin configuration...
Mon, 29 Nov 2021 12:49:05 GMT | PLUGINS_BEFORE | chooseResponsiveImagesResolution | E:\stuff\inline-css-master\inline-css-master\plugins\before\chooseResponsiveImagesResolution\config.json
Mon, 29 Nov 2021 12:49:05 GMT | PLUGINS_BEFORE | chooseResponsiveImagesResolution | Trying to load plugin...
Mon, 29 Nov 2021 12:49:05 GMT | PLUGINS_BEFORE | chooseResponsiveImagesResolution | E:\stuff\inline-css-master\inline-css-master\plugins\before\chooseResponsiveImagesResolution
Mon, 29 Nov 2021 12:49:05 GMT | PLUGINS_BEFORE | chooseResponsiveImagesResolution | Applying plugin to page...
Mon, 29 Nov 2021 12:49:05 GMT | PLUGINS_BEFORE | chooseResponsiveImagesResolution | Configuration object: {"arguments":["desktop","tablet","mobile"],"main":"https://s3-eu-west-1.amazonaws.com/philips-pcs/","desktop":"","tablet":"sm/","mobile":"xs/"}
Mon, 29 Nov 2021 12:49:05 GMT | PLUGINS_BEFORE | removeUnwantedAttrs | Trying to load plugin configuration...
Mon, 29 Nov 2021 12:49:05 GMT | PLUGINS_BEFORE | removeUnwantedAttrs | E:\stuff\inline-css-master\inline-css-master\plugins\before\removeUnwantedAttrs\config.json
Mon, 29 Nov 2021 12:49:05 GMT | PLUGINS_BEFORE | removeUnwantedAttrs | Trying to load plugin...
Mon, 29 Nov 2021 12:49:05 GMT | PLUGINS_BEFORE | removeUnwantedAttrs | E:\stuff\inline-css-master\inline-css-master\plugins\before\removeUnwantedAttrs
Mon, 29 Nov 2021 12:49:05 GMT | PLUGINS_BEFORE | removeUnwantedAttrs | Applying plugin to page...
Mon, 29 Nov 2021 12:49:05 GMT | PLUGINS_BEFORE | removeUnwantedAttrs | Configuration object: {"attrsToDelete":["data-enpassusermodified","data-sort"]}
Mon, 29 Nov 2021 12:49:05 GMT | removeUnwantedAttrs | Found 0 elements with attribute "data-enpassusermodified"
Mon, 29 Nov 2021 12:49:05 GMT | removeUnwantedAttrs | Removing...
Mon, 29 Nov 2021 12:49:05 GMT | removeUnwantedAttrs | Found 0 elements with attribute "data-sort"
Mon, 29 Nov 2021 12:49:05 GMT | removeUnwantedAttrs | Removing...
Mon, 29 Nov 2021 12:49:05 GMT | STYLE_INLINE | Inlining styles...
Mon, 29 Nov 2021 12:49:05 GMT | PLUGINS_AFTER | Reading AFTER plugins directory...
Mon, 29 Nov 2021 12:49:05 GMT | PLUGINS_AFTER | addMetaCharsetToBody | Trying to load plugin configuration...
Mon, 29 Nov 2021 12:49:05 GMT | PLUGINS_AFTER | addMetaCharsetToBody | E:\stuff\inline-css-master\inline-css-master\plugins\after\addMetaCharsetToBody\config.json
Mon, 29 Nov 2021 12:49:05 GMT | PLUGINS_AFTER | addMetaCharsetToBody | Trying to load plugin...
Mon, 29 Nov 2021 12:49:05 GMT | PLUGINS_AFTER | addMetaCharsetToBody | E:\stuff\inline-css-master\inline-css-master\plugins\after\addMetaCharsetToBody
Mon, 29 Nov 2021 12:49:05 GMT | PLUGINS_AFTER | addMetaCharsetToBody | Applying plugin to page...
Mon, 29 Nov 2021 12:49:05 GMT | PLUGINS_AFTER | addMetaCharsetToBody | {"charset":"utf-8"}
Mon, 29 Nov 2021 12:49:05 GMT | addMetaCharsetToBody | Adding <meta> to body...
Mon, 29 Nov 2021 12:49:05 GMT | PLUGINS_AFTER | removeElementWithDisplayNone | Trying to load plugin configuration...
Mon, 29 Nov 2021 12:49:05 GMT | PLUGINS_AFTER | removeElementWithDisplayNone | E:\stuff\inline-css-master\inline-css-master\plugins\after\removeElementWithDisplayNone\config.json
Mon, 29 Nov 2021 12:49:05 GMT | PLUGINS_AFTER | removeElementWithDisplayNone | Trying to load plugin...
Mon, 29 Nov 2021 12:49:05 GMT | PLUGINS_AFTER | removeElementWithDisplayNone | E:\stuff\inline-css-master\inline-css-master\plugins\after\removeElementWithDisplayNone
Mon, 29 Nov 2021 12:49:05 GMT | PLUGINS_AFTER | removeElementWithDisplayNone | Applying plugin to page...
Mon, 29 Nov 2021 12:49:05 GMT | PLUGINS_AFTER | removeElementWithDisplayNone | {"argument":"clean-display-none"}
Mon, 29 Nov 2021 12:49:05 GMT | HTML_EXTRACT | Extracting HTML...
Mon, 29 Nov 2021 12:49:05 GMT | HTML_SAVE_TO_FILE | Saving HTML to file (E:\stuff\inline-css-master\inline-css-master\output\1638190142680.html)...
Mon, 29 Nov 2021 12:49:05 GMT | BROWSER | Closing browser...
